2024-12-07T17:25:05+00:00 DEBUG Tt4b_Pixel_Class::inject_add_to_cart_event: hit AddToCart
2024-12-07T17:25:05+00:00 DEBUG Tt4b_Pixel_Class::inject_add_to_cart_event: Missing option "access_token"
2024-12-07T19:36:25+00:00 DEBUG POST: https://business-api.tiktok.com/open_api/v1.2/tbp/business_profile/store/update/

{"business_platform":"WOO_COMMERCE","external_business_id":"tt4b_woocommerce_6745752a5fb05","net_gmv":[{"interval":"LIFETIME","max":24779,"min":24779,"unit":"CURRENCY"}],"net_order_count":[{"interval":"LIFETIME","max":5,"min":5,"unit":"COUNT"}],"tenure":{"min":47,"max":47,"unit":"DAYS"},"extra_data":"1.2.10"}
 ajax: no
2024-12-07T19:36:25+00:00 DEBUG Tt4b_Mapi_Class::mapi_post: Response: 

HTTP/1.1 200 OK
Content-Type: application/json; charset=utf-8
Content-Length: 103
X-Api-Deprecation-Info: API for Business Version 1.3 is now live. To avoid disruption to your business, we recommend you migrate all calls to v1.3 as soon as possible. Please visit our migration guide for more details: https://ads.tiktok.com/marketing_api/docs?id=1740029169927169
X-Domain-Change-Info: We have moved to the new domain business-api.tiktok.com for API services after the Platform Upgrade on 09/30/2021. Please update all of your requests with the new domain if you haven't done so already. For more information, please visit https://ads.tiktok.com/marketing_api/docs?rid=esb88xalm6m&id=1709207085043713
X-Tt-Logid: 202412071936241818B3A28A259FA11D73
Server-Timing: inner; dur=3
x-tt-trace-host: 0120f6cca039638cb153ac3fb56bbba577a3cac93a8809aea2c3a039f237ed64e1cebcb78b7ba82158c3b89f808f34812d58bf04368156d7d5e4f9294d7d7f478449b1f95a2535d47ec3aa570616e9d1e506e6e3a17ca673ee3bfd85ac91eb3428
x-tt-trace-id: 00-2412071936241818B3A28A259FA11D73-68E9DB3126CFE28F-00
Server: TLB
Expires: Sat, 07 Dec 2024 19:36:25 GMT
Cache-Control: max-age=0, no-cache, no-store
Pragma: no-cache
Date: Sat, 07 Dec 2024 19:36:25 GMT
X-Cache: TCP_MISS from a23-33-91-116.deploy.akamaitechnologies.com (AkamaiGHost/11.7.1-5564540792473a75b19a89fcf1e2a34b) (-)
Connection: close
x-tt-trace-tag: id=16;cdn-cache=miss;type=dyn
Server-Timing: cdn-cache; desc=MISS, edge; dur=1, origin; dur=38
X-Origin-Response-Time: 38,23.33.91.116
X-Akamai-Request-ID: 356f6535

{"code":40104,"message":"The access_token is empty.","request_id":"202412071936241818B3A28A259FA11D73"}
2024-12-07T21:55:52+00:00 DEBUG Tt4b_Pixel_Class::inject_add_to_cart_event: hit AddToCart
2024-12-07T21:55:52+00:00 DEBUG Tt4b_Pixel_Class::inject_add_to_cart_event: Missing option "access_token"
2024-12-07T21:56:02+00:00 DEBUG Tt4b_Pixel_Class::inject_add_to_cart_event: hit AddToCart
2024-12-07T21:56:02+00:00 DEBUG Tt4b_Pixel_Class::inject_add_to_cart_event: Missing option "access_token"
2024-12-07T21:59:25+00:00 DEBUG Tt4b_Pixel_Class::inject_add_to_cart_event: hit AddToCart
2024-12-07T21:59:25+00:00 DEBUG Tt4b_Pixel_Class::inject_add_to_cart_event: Missing option "access_token"
2024-12-07T22:03:51+00:00 DEBUG Tt4b_Pixel_Class::inject_add_to_cart_event: hit AddToCart
2024-12-07T22:03:51+00:00 DEBUG Tt4b_Pixel_Class::inject_add_to_cart_event: Missing option "access_token"
