2024-11-29T01:59:51+00:00 DEBUG Tt4b_Pixel_Class::inject_add_to_cart_event: hit AddToCart
2024-11-29T01:59:51+00:00 DEBUG Tt4b_Pixel_Class::inject_add_to_cart_event: Missing option "access_token"
2024-11-29T08:50:07+00:00 DEBUG tt4b_product_delete: missing access token for tt4b_product_sync
2024-11-29T09:01:37+00:00 DEBUG Tt4b_Pixel_Class::inject_add_to_cart_event: hit AddToCart
2024-11-29T09:01:37+00:00 DEBUG Tt4b_Pixel_Class::inject_add_to_cart_event: Missing option "access_token"
2024-11-29T09:05:28+00:00 DEBUG tt4b_product_delete: missing access token for tt4b_product_sync
2024-11-29T09:23:00+00:00 DEBUG tt4b_product_delete: missing access token for tt4b_product_sync
2024-11-29T20:33:35+00:00 DEBUG POST: https://business-api.tiktok.com/open_api/v1.2/tbp/business_profile/store/update/

{"business_platform":"WOO_COMMERCE","external_business_id":"tt4b_woocommerce_6745752a5fb05","net_gmv":[{"interval":"LIFETIME","max":24779,"min":24779,"unit":"CURRENCY"}],"net_order_count":[{"interval":"LIFETIME","max":5,"min":5,"unit":"COUNT"}],"tenure":{"min":39,"max":39,"unit":"DAYS"},"extra_data":"1.2.10"}
 ajax: no
2024-11-29T20:33:35+00:00 DEBUG Tt4b_Mapi_Class::mapi_post: Response: 

HTTP/1.1 200 OK
Content-Type: application/json; charset=utf-8
Content-Length: 103
X-Api-Deprecation-Info: API for Business Version 1.3 is now live. To avoid disruption to your business, we recommend you migrate all calls to v1.3 as soon as possible. Please visit our migration guide for more details: https://ads.tiktok.com/marketing_api/docs?id=1740029169927169
X-Domain-Change-Info: We have moved to the new domain business-api.tiktok.com for API services after the Platform Upgrade on 09/30/2021. Please update all of your requests with the new domain if you haven't done so already. For more information, please visit https://ads.tiktok.com/marketing_api/docs?rid=esb88xalm6m&id=1709207085043713
X-Tt-Logid: 202411292033344A929D70B7432077031D
x-tt-trace-host: 0120f6cca039638cb153ac3fb56bbba5773990828064e44c490c22a9dc2bf705e6b9ad6aa626d5ed69efe6c7c64decc98b61bdec7218453ad691f3bc1f13e843391172938835e4e78135a9106db1f5b06bbb4d5668ad58e4f4f68e066e7b17a384e77eeeabdbfd6b701223da134dfadd71
x-tt-trace-id: 00-2411292033344A929D70B7432077031D-45CF92925553AEA8-00
Server: TLB
X-Origin-Response-Time: 6,23.45.206.200
X-Akamai-Request-ID: 9313ba38.574128a5
Expires: Fri, 29 Nov 2024 20:33:35 GMT
Cache-Control: max-age=0, no-cache, no-store
Pragma: no-cache
Date: Fri, 29 Nov 2024 20:33:35 GMT
X-Cache: TCP_MISS from a23-202-34-149.deploy.akamaitechnologies.com (AkamaiGHost/11.7.1-5564540792473a75b19a89fcf1e2a34b) (-)
Connection: close
X-Cache-Remote: TCP_MISS from a23-45-206-200.deploy.akamaitechnologies.com (AkamaiGHost/11.7.1-5564540792473a75b19a89fcf1e2a34b) (-)
x-tt-trace-tag: id=16;cdn-cache=miss;type=dyn
Server-Timing: cdn-cache; desc=MISS, edge; dur=79, origin; dur=6
Server-Timing: inner; dur=2
X-Parent-Response-Time: 75,23.202.34.149

{"code":40104,"message":"The access_token is empty.","request_id":"202411292033344A929D70B7432077031D"}
