2024-12-06T20:11:00+00:00 DEBUG POST: https://business-api.tiktok.com/open_api/v1.2/tbp/business_profile/store/update/

{"business_platform":"WOO_COMMERCE","external_business_id":"tt4b_woocommerce_6745752a5fb05","net_gmv":[{"interval":"LIFETIME","max":24779,"min":24779,"unit":"CURRENCY"}],"net_order_count":[{"interval":"LIFETIME","max":5,"min":5,"unit":"COUNT"}],"tenure":{"min":46,"max":46,"unit":"DAYS"},"extra_data":"1.2.10"}
 ajax: no
2024-12-06T20:11:00+00:00 DEBUG Tt4b_Mapi_Class::mapi_post: Response: 

HTTP/1.1 200 OK
Content-Type: application/json; charset=utf-8
Content-Length: 103
X-Api-Deprecation-Info: API for Business Version 1.3 is now live. To avoid disruption to your business, we recommend you migrate all calls to v1.3 as soon as possible. Please visit our migration guide for more details: https://ads.tiktok.com/marketing_api/docs?id=1740029169927169
X-Domain-Change-Info: We have moved to the new domain business-api.tiktok.com for API services after the Platform Upgrade on 09/30/2021. Please update all of your requests with the new domain if you haven't done so already. For more information, please visit https://ads.tiktok.com/marketing_api/docs?rid=esb88xalm6m&id=1709207085043713
X-Tt-Logid: 2024120620105922D47D55B4677662164F
Server-Timing: inner; dur=5
x-tt-trace-host: 0120f6cca039638cb153ac3fb56bbba5772f3803aa53592d41bf9f8a6d5ed4954d08a1633e516cf28c127313e9e9f76ba21c1cc890475d4054e1f0d4a11d35b4eba942299fbe28a2bbda024bd63f4846fa284ba40ef2ac932ab705f2afb77bc72d
x-tt-trace-id: 00-24120620105922D47D55B4677662164F-65FC56656F8A7304-00
Server: TLB
Expires: Fri, 06 Dec 2024 20:11:00 GMT
Cache-Control: max-age=0, no-cache, no-store
Pragma: no-cache
Date: Fri, 06 Dec 2024 20:11:00 GMT
X-Cache: TCP_MISS from a23-33-91-111.deploy.akamaitechnologies.com (AkamaiGHost/11.7.1-5564540792473a75b19a89fcf1e2a34b) (-)
Connection: close
x-tt-trace-tag: id=16;cdn-cache=miss;type=dyn
Server-Timing: cdn-cache; desc=MISS, edge; dur=0, origin; dur=41
X-Origin-Response-Time: 41,23.33.91.111
X-Akamai-Request-ID: 615f97e9

{"code":40104,"message":"The access_token is empty.","request_id":"2024120620105922D47D55B4677662164F"}
