2024-11-30T09:22:19+00:00 DEBUG Tt4b_Pixel_Class::inject_add_to_cart_event: hit AddToCart
2024-11-30T09:22:19+00:00 DEBUG Tt4b_Pixel_Class::inject_add_to_cart_event: Missing option "access_token"
2024-11-30T13:29:24+00:00 DEBUG Tt4b_Pixel_Class::inject_add_to_cart_event: hit AddToCart
2024-11-30T13:29:24+00:00 DEBUG Tt4b_Pixel_Class::inject_add_to_cart_event: Missing option "access_token"
2024-11-30T14:16:52+00:00 DEBUG Tt4b_Pixel_Class::inject_add_to_cart_event: hit AddToCart
2024-11-30T14:16:52+00:00 DEBUG Tt4b_Pixel_Class::inject_add_to_cart_event: Missing option "access_token"
2024-11-30T17:30:07+00:00 DEBUG Tt4b_Pixel_Class::inject_add_to_cart_event: hit AddToCart
2024-11-30T17:30:07+00:00 DEBUG Tt4b_Pixel_Class::inject_add_to_cart_event: Missing option "access_token"
2024-11-30T17:30:26+00:00 DEBUG Tt4b_Pixel_Class::inject_add_to_cart_event: hit AddToCart
2024-11-30T17:30:26+00:00 DEBUG Tt4b_Pixel_Class::inject_add_to_cart_event: Missing option "access_token"
2024-11-30T17:41:27+00:00 DEBUG Tt4b_Pixel_Class::inject_add_to_cart_event: hit AddToCart
2024-11-30T17:41:27+00:00 DEBUG Tt4b_Pixel_Class::inject_add_to_cart_event: Missing option "access_token"
2024-11-30T17:42:18+00:00 DEBUG Tt4b_Pixel_Class::inject_add_to_cart_event: hit AddToCart
2024-11-30T17:42:18+00:00 DEBUG Tt4b_Pixel_Class::inject_add_to_cart_event: Missing option "access_token"
2024-11-30T19:45:01+00:00 DEBUG POST: https://business-api.tiktok.com/open_api/v1.2/tbp/business_profile/store/update/

{"business_platform":"WOO_COMMERCE","external_business_id":"tt4b_woocommerce_6745752a5fb05","net_gmv":[{"interval":"LIFETIME","max":24779,"min":24779,"unit":"CURRENCY"}],"net_order_count":[{"interval":"LIFETIME","max":5,"min":5,"unit":"COUNT"}],"tenure":{"min":40,"max":40,"unit":"DAYS"},"extra_data":"1.2.10"}
 ajax: no
2024-11-30T19:45:01+00:00 DEBUG Tt4b_Mapi_Class::mapi_post: Response: 

HTTP/1.1 200 OK
Content-Type: application/json; charset=utf-8
Content-Length: 103
X-Api-Deprecation-Info: API for Business Version 1.3 is now live. To avoid disruption to your business, we recommend you migrate all calls to v1.3 as soon as possible. Please visit our migration guide for more details: https://ads.tiktok.com/marketing_api/docs?id=1740029169927169
X-Domain-Change-Info: We have moved to the new domain business-api.tiktok.com for API services after the Platform Upgrade on 09/30/2021. Please update all of your requests with the new domain if you haven't done so already. For more information, please visit https://ads.tiktok.com/marketing_api/docs?rid=esb88xalm6m&id=1709207085043713
X-Tt-Logid: 20241130194500B31655CF371846CE2D9E
x-tt-trace-host: 0120f6cca039638cb153ac3fb56bbba5774b42fcc232f052c243564f92210e11abebbd595b3ccb78c68d256e3f1a55aac7cc44b2eb15650297a319c35e7ecf702e92a1c1ad0fd1fd90f239fc0da4268a21a53c2de2e4331c4c77a5b25b8dff63cad785fc7b34dc023b903bef7e8c7d7353
x-tt-trace-id: 00-241130194500B31655CF371846CE2D9E-0C99838455E80000-00
Server: TLB
X-Origin-Response-Time: 10,23.45.206.209
X-Akamai-Request-ID: 126cadbb.93c1cc0e
Expires: Sat, 30 Nov 2024 19:45:01 GMT
Cache-Control: max-age=0, no-cache, no-store
Pragma: no-cache
Date: Sat, 30 Nov 2024 19:45:01 GMT
X-Cache: TCP_MISS from a23-202-34-108.deploy.akamaitechnologies.com (AkamaiGHost/11.7.1-5564540792473a75b19a89fcf1e2a34b) (-)
Connection: close
X-Cache-Remote: TCP_MISS from a23-45-206-209.deploy.akamaitechnologies.com (AkamaiGHost/11.7.1-5564540792473a75b19a89fcf1e2a34b) (-)
x-tt-trace-tag: id=16;cdn-cache=miss;type=dyn
Server-Timing: cdn-cache; desc=MISS, edge; dur=33, origin; dur=9
Server-Timing: inner; dur=3
X-Parent-Response-Time: 41,23.202.34.108

{"code":40104,"message":"The access_token is empty.","request_id":"20241130194500B31655CF371846CE2D9E"}
